L 10/23/2020 - 14:17:23: SourceMod error session started
L 10/23/2020 - 14:17:23: Info (map "de_dust2") (file "/home/steam/.steam/steamcmd/csgo-01/csgo/addons/sourcemod/logs/errors_20201023.log")
L 10/23/2020 - 14:17:23: [admin-flatfile.smx] Error(s) detected parsing addons/sourcemod/configs/admins.cfg
L 10/23/2020 - 14:17:23: [admin-flatfile.smx]  (line 44) Unknown group "Owner"
L 10/23/2020 - 14:17:40: Error log file session closed.
L 10/23/2020 - 14:17:40: SourceMod error session started
L 10/23/2020 - 14:17:40: Info (map "de_dust2") (file "/home/steam/.steam/steamcmd/csgo-01/csgo/addons/sourcemod/logs/errors_20201023.log")
L 10/23/2020 - 14:17:40: [admin-flatfile.smx] Error(s) detected parsing addons/sourcemod/configs/admins.cfg
L 10/23/2020 - 14:17:40: [admin-flatfile.smx]  (line 44) Unknown group "Owner"
L 10/23/2020 - 16:02:49: SourceMod error session started
L 10/23/2020 - 16:02:49: Info (map "de_dust2") (file "/home/steam/.steam/steamcmd/csgo-01/csgo/addons/sourcemod/logs/errors_20201023.log")
L 10/23/2020 - 16:02:49: [admin-flatfile.smx] Error(s) detected parsing addons/sourcemod/configs/admins.cfg
L 10/23/2020 - 16:02:49: [admin-flatfile.smx]  (line 44) Unknown group "Owner"
L 10/23/2020 - 16:04:55: Error log file session closed.
L 10/23/2020 - 19:18:29: SourceMod error session started
L 10/23/2020 - 19:18:29: Info (map "de_dust2") (file "/home/steam/.steam/steamcmd/csgo-01/csgo/addons/sourcemod/logs/errors_20201023.log")
L 10/23/2020 - 19:18:29: [admin-flatfile.smx] Error(s) detected parsing addons/sourcemod/configs/admins.cfg
L 10/23/2020 - 19:18:29: [admin-flatfile.smx]  (line 44) Unknown group "Owner"
L 10/23/2020 - 19:24:32: Error log file session closed.
L 10/23/2020 - 19:26:32: SourceMod error session started
L 10/23/2020 - 19:26:32: Info (map "hoejhus9_csgo") (file "/home/steam/.steam/steamcmd/csgo-01/csgo/addons/sourcemod/logs/errors_20201023.log")
L 10/23/2020 - 19:26:32: [admin-flatfile.smx] Error(s) detected parsing addons/sourcemod/configs/admins.cfg
L 10/23/2020 - 19:26:32: [admin-flatfile.smx]  (line 44) Unknown group "Owner"
L 10/23/2020 - 19:27:48: Error log file session closed.
L 10/23/2020 - 19:27:48: SourceMod error session started
L 10/23/2020 - 19:27:48: Info (map "hoejhus9_csgo") (file "/home/steam/.steam/steamcmd/csgo-01/csgo/addons/sourcemod/logs/errors_20201023.log")
L 10/23/2020 - 19:27:48: [admin-flatfile.smx] Error(s) detected parsing addons/sourcemod/configs/admins.cfg
L 10/23/2020 - 19:27:48: [admin-flatfile.smx]  (line 44) Unknown group "Owner"
L 10/23/2020 - 19:27:49: [nextmap.smx] FATAL: Cannot load map cycle. Nextmap not loaded.
L 10/23/2020 - 19:27:49: [SM] Exception reported: Mapcycle Not Found
L 10/23/2020 - 19:27:49: [SM] Blaming: nextmap.smx
L 10/23/2020 - 19:27:49: [SM] Call stack trace:
L 10/23/2020 - 19:27:49: [SM]   [0] SetFailState
L 10/23/2020 - 19:27:49: [SM]   [1] Line 143, /home/builds/sourcemod/linux-1.10/build/plugins/nextmap.sp::FindAndSetNextMap
L 10/23/2020 - 19:27:49: [SM]   [2] Line 113, /home/builds/sourcemod/linux-1.10/build/plugins/nextmap.sp::OnConfigsExecuted
L 10/23/2020 - 19:32:36: Error log file session closed.
L 10/23/2020 - 19:54:06: SourceMod error session started
L 10/23/2020 - 19:54:06: Info (map "hoejhus9_csgo") (file "/home/steam/.steam/steamcmd/csgo-01/csgo/addons/sourcemod/logs/errors_20201023.log")
L 10/23/2020 - 19:54:06: [admin-flatfile.smx] Error(s) detected parsing addons/sourcemod/configs/admins.cfg
L 10/23/2020 - 19:54:06: [admin-flatfile.smx]  (line 44) Unknown group "Owner"
L 10/23/2020 - 19:54:33: Error log file session closed.
L 10/23/2020 - 19:58:21: SourceMod error session started
L 10/23/2020 - 19:58:21: Info (map "de_dust2") (file "/home/steam/.steam/steamcmd/csgo-01/csgo/addons/sourcemod/logs/errors_20201023.log")
L 10/23/2020 - 19:58:21: [admin-flatfile.smx] Error(s) detected parsing addons/sourcemod/configs/admins.cfg
L 10/23/2020 - 19:58:21: [admin-flatfile.smx]  (line 44) Unknown group "Owner"
L 10/23/2020 - 19:59:41: Error log file session closed.
L 10/23/2020 - 19:59:48: SourceMod error session started
L 10/23/2020 - 19:59:48: Info (map "de_dust2") (file "/home/steam/.steam/steamcmd/csgo-01/csgo/addons/sourcemod/logs/errors_20201023.log")
L 10/23/2020 - 19:59:48: [admin-flatfile.smx] Error(s) detected parsing addons/sourcemod/configs/admins.cfg
L 10/23/2020 - 19:59:48: [admin-flatfile.smx]  (line 44) Unknown group "Owner"
L 10/23/2020 - 20:01:09: Error log file session closed.
L 10/23/2020 - 20:01:18: SourceMod error session started
L 10/23/2020 - 20:01:18: Info (map "de_dust2") (file "/home/steam/.steam/steamcmd/csgo-01/csgo/addons/sourcemod/logs/errors_20201023.log")
L 10/23/2020 - 20:01:18: [admin-flatfile.smx] Error(s) detected parsing addons/sourcemod/configs/admins.cfg
L 10/23/2020 - 20:01:18: [admin-flatfile.smx]  (line 44) Unknown group "Owner"
L 10/23/2020 - 20:01:47: Error log file session closed.
L 10/23/2020 - 20:02:29: SourceMod error session started
L 10/23/2020 - 20:02:29: Info (map "de_dust2") (file "/home/steam/.steam/steamcmd/csgo-01/csgo/addons/sourcemod/logs/errors_20201023.log")
L 10/23/2020 - 20:02:29: [admin-flatfile.smx] Error(s) detected parsing addons/sourcemod/configs/admins.cfg
L 10/23/2020 - 20:02:29: [admin-flatfile.smx]  (line 44) Unknown group "Owner"
L 10/23/2020 - 20:02:43: Error log file session closed.
L 10/23/2020 - 20:02:43: SourceMod error session started
L 10/23/2020 - 20:02:43: Info (map "de_dust2") (file "/home/steam/.steam/steamcmd/csgo-01/csgo/addons/sourcemod/logs/errors_20201023.log")
L 10/23/2020 - 20:02:43: [admin-flatfile.smx] Error(s) detected parsing addons/sourcemod/configs/admins.cfg
L 10/23/2020 - 20:02:43: [admin-flatfile.smx]  (line 44) Unknown group "Owner"
L 10/23/2020 - 20:03:02: Error log file session closed.
L 10/23/2020 - 20:05:22: SourceMod error session started
L 10/23/2020 - 20:05:22: Info (map "de_dust2") (file "/home/steam/.steam/steamcmd/csgo-01/csgo/addons/sourcemod/logs/errors_20201023.log")
L 10/23/2020 - 20:05:22: [admin-flatfile.smx] Error(s) detected parsing addons/sourcemod/configs/admins.cfg
L 10/23/2020 - 20:05:22: [admin-flatfile.smx]  (line 44) Unknown group "Owner"
L 10/23/2020 - 20:05:38: Error log file session closed.
L 10/23/2020 - 20:05:38: SourceMod error session started
L 10/23/2020 - 20:05:38: Info (map "de_dust2") (file "/home/steam/.steam/steamcmd/csgo-01/csgo/addons/sourcemod/logs/errors_20201023.log")
L 10/23/2020 - 20:05:38: [admin-flatfile.smx] Error(s) detected parsing addons/sourcemod/configs/admins.cfg
L 10/23/2020 - 20:05:38: [admin-flatfile.smx]  (line 44) Unknown group "Owner"
L 10/23/2020 - 20:06:01: Error log file session closed.
L 10/23/2020 - 20:12:15: SourceMod error session started
L 10/23/2020 - 20:12:15: Info (map "de_dust2") (file "/home/steam/.steam/steamcmd/csgo-01/csgo/addons/sourcemod/logs/errors_20201023.log")
L 10/23/2020 - 20:12:15: [admin-flatfile.smx] Error(s) detected parsing addons/sourcemod/configs/admins.cfg
L 10/23/2020 - 20:12:15: [admin-flatfile.smx]  (line 44) Unknown group "Owner"
L 10/23/2020 - 20:12:22: Error log file session closed.
L 10/23/2020 - 20:12:22: SourceMod error session started
L 10/23/2020 - 20:12:22: Info (map "de_dust2") (file "/home/steam/.steam/steamcmd/csgo-01/csgo/addons/sourcemod/logs/errors_20201023.log")
L 10/23/2020 - 20:12:22: [admin-flatfile.smx] Error(s) detected parsing addons/sourcemod/configs/admins.cfg
L 10/23/2020 - 20:12:22: [admin-flatfile.smx]  (line 44) Unknown group "Owner"
L 10/23/2020 - 20:12:48: Error log file session closed.
L 10/23/2020 - 20:14:13: SourceMod error session started
L 10/23/2020 - 20:14:13: Info (map "de_dust2") (file "/home/steam/.steam/steamcmd/csgo-01/csgo/addons/sourcemod/logs/errors_20201023.log")
L 10/23/2020 - 20:14:13: [admin-flatfile.smx] Error(s) detected parsing addons/sourcemod/configs/admins.cfg
L 10/23/2020 - 20:14:13: [admin-flatfile.smx]  (line 44) Unknown group "Owner"
L 10/23/2020 - 20:16:13: Error log file session closed.
L 10/23/2020 - 20:16:44: SourceMod error session started
L 10/23/2020 - 20:16:44: Info (map "de_dust2") (file "/home/steam/.steam/steamcmd/csgo-01/csgo/addons/sourcemod/logs/errors_20201023.log")
L 10/23/2020 - 20:16:44: [admin-flatfile.smx] Error(s) detected parsing addons/sourcemod/configs/admins.cfg
L 10/23/2020 - 20:16:44: [admin-flatfile.smx]  (line 44) Unknown group "Owner"
L 10/23/2020 - 20:17:11: Error log file session closed.
L 10/23/2020 - 20:17:31: SourceMod error session started
L 10/23/2020 - 20:17:31: Info (map "de_dust2") (file "/home/steam/.steam/steamcmd/csgo-01/csgo/addons/sourcemod/logs/errors_20201023.log")
L 10/23/2020 - 20:17:31: [admin-flatfile.smx] Error(s) detected parsing addons/sourcemod/configs/admins.cfg
L 10/23/2020 - 20:17:31: [admin-flatfile.smx]  (line 44) Unknown group "Owner"
L 10/23/2020 - 20:17:39: Error log file session closed.
L 10/23/2020 - 20:17:39: SourceMod error session started
L 10/23/2020 - 20:17:39: Info (map "de_dust2") (file "/home/steam/.steam/steamcmd/csgo-01/csgo/addons/sourcemod/logs/errors_20201023.log")
L 10/23/2020 - 20:17:39: [admin-flatfile.smx] Error(s) detected parsing addons/sourcemod/configs/admins.cfg
L 10/23/2020 - 20:17:39: [admin-flatfile.smx]  (line 44) Unknown group "Owner"
L 10/23/2020 - 20:20:08: Error log file session closed.
L 10/23/2020 - 20:20:08: SourceMod error session started
L 10/23/2020 - 20:20:08: Info (map "de_dust2") (file "/home/steam/.steam/steamcmd/csgo-01/csgo/addons/sourcemod/logs/errors_20201023.log")
L 10/23/2020 - 20:20:08: [admin-flatfile.smx] Error(s) detected parsing addons/sourcemod/configs/admins.cfg
L 10/23/2020 - 20:20:08: [admin-flatfile.smx]  (line 44) Unknown group "Owner"
L 10/23/2020 - 20:20:44: Error log file session closed.
L 10/23/2020 - 20:26:39: SourceMod error session started
L 10/23/2020 - 20:26:39: Info (map "de_dust2") (file "/home/steam/.steam/steamcmd/csgo-01/csgo/addons/sourcemod/logs/errors_20201023.log")
L 10/23/2020 - 20:26:39: [admin-flatfile.smx] Error(s) detected parsing addons/sourcemod/configs/admins.cfg
L 10/23/2020 - 20:26:39: [admin-flatfile.smx]  (line 44) Unknown group "Owner"
L 10/23/2020 - 20:27:24: Error log file session closed.
L 10/23/2020 - 20:27:24: SourceMod error session started
L 10/23/2020 - 20:27:24: Info (map "de_dust2") (file "/home/steam/.steam/steamcmd/csgo-01/csgo/addons/sourcemod/logs/errors_20201023.log")
L 10/23/2020 - 20:27:24: [admin-flatfile.smx] Error(s) detected parsing addons/sourcemod/configs/admins.cfg
L 10/23/2020 - 20:27:24: [admin-flatfile.smx]  (line 44) Unknown group "Owner"
L 10/23/2020 - 20:29:50: Error log file session closed.
L 10/23/2020 - 20:30:23: SourceMod error session started
L 10/23/2020 - 20:30:23: Info (map "de_dust2") (file "/home/steam/.steam/steamcmd/csgo-01/csgo/addons/sourcemod/logs/errors_20201023.log")
L 10/23/2020 - 20:30:23: [admin-flatfile.smx] Error(s) detected parsing addons/sourcemod/configs/admins.cfg
L 10/23/2020 - 20:30:23: [admin-flatfile.smx]  (line 44) Unknown group "Owner"
L 10/23/2020 - 20:30:32: Error log file session closed.
L 10/23/2020 - 20:30:32: SourceMod error session started
L 10/23/2020 - 20:30:32: Info (map "de_dust2") (file "/home/steam/.steam/steamcmd/csgo-01/csgo/addons/sourcemod/logs/errors_20201023.log")
L 10/23/2020 - 20:30:32: [admin-flatfile.smx] Error(s) detected parsing addons/sourcemod/configs/admins.cfg
L 10/23/2020 - 20:30:32: [admin-flatfile.smx]  (line 44) Unknown group "Owner"
L 10/23/2020 - 20:32:57: Error log file session closed.
L 10/23/2020 - 20:32:57: SourceMod error session started
L 10/23/2020 - 20:32:57: Info (map "de_dust2") (file "/home/steam/.steam/steamcmd/csgo-01/csgo/addons/sourcemod/logs/errors_20201023.log")
L 10/23/2020 - 20:32:57: [admin-flatfile.smx] Error(s) detected parsing addons/sourcemod/configs/admins.cfg
L 10/23/2020 - 20:32:57: [admin-flatfile.smx]  (line 44) Unknown group "Owner"
L 10/23/2020 - 20:36:26: Error log file session closed.
L 10/23/2020 - 20:36:43: SourceMod error session started
L 10/23/2020 - 20:36:43: Info (map "de_dust2") (file "/home/steam/.steam/steamcmd/csgo-01/csgo/addons/sourcemod/logs/errors_20201023.log")
L 10/23/2020 - 20:36:43: [admin-flatfile.smx] Error(s) detected parsing addons/sourcemod/configs/admins.cfg
L 10/23/2020 - 20:36:43: [admin-flatfile.smx]  (line 44) Unknown group "Owner"
L 10/23/2020 - 20:37:33: Error log file session closed.
L 10/23/2020 - 20:38:22: SourceMod error session started
L 10/23/2020 - 20:38:22: Info (map "de_dust2") (file "/home/steam/.steam/steamcmd/csgo-01/csgo/addons/sourcemod/logs/errors_20201023.log")
L 10/23/2020 - 20:38:22: [admin-flatfile.smx] Error(s) detected parsing addons/sourcemod/configs/admins.cfg
L 10/23/2020 - 20:38:22: [admin-flatfile.smx]  (line 44) Unknown group "Owner"
L 10/23/2020 - 20:39:40: Error log file session closed.
