L 02/07/2021 - 00:17:40: SourceMod error session started
L 02/07/2021 - 00:17:40: Info (map "de_dust2") (file "/home/steam/.steam/steamcmd/csgo-01/csgo/addons/sourcemod/logs/errors_20210207.log")
L 02/07/2021 - 00:17:40: [admin-flatfile.smx] Error(s) detected parsing addons/sourcemod/configs/admins.cfg
L 02/07/2021 - 00:17:40: [admin-flatfile.smx]  (line 44) Unknown group "Owner"
L 02/07/2021 - 00:29:26: SourceMod error session started
L 02/07/2021 - 00:29:26: Info (map "de_dust2") (file "/home/steam/.steam/steamcmd/csgo-01/csgo/addons/sourcemod/logs/errors_20210207.log")
L 02/07/2021 - 00:29:26: [admin-flatfile.smx] Error(s) detected parsing addons/sourcemod/configs/admins.cfg
L 02/07/2021 - 00:29:26: [admin-flatfile.smx]  (line 44) Unknown group "Owner"
L 02/07/2021 - 00:30:13: SourceMod error session started
L 02/07/2021 - 00:30:13: Info (map "de_dust2") (file "/home/steam/.steam/steamcmd/csgo-01/csgo/addons/sourcemod/logs/errors_20210207.log")
L 02/07/2021 - 00:30:13: [admin-flatfile.smx] Error(s) detected parsing addons/sourcemod/configs/admins.cfg
L 02/07/2021 - 00:30:13: [admin-flatfile.smx]  (line 44) Unknown group "Owner"
L 02/07/2021 - 00:31:54: SourceMod error session started
L 02/07/2021 - 00:31:54: Info (map "de_dust2") (file "/home/steam/.steam/steamcmd/csgo-01/csgo/addons/sourcemod/logs/errors_20210207.log")
L 02/07/2021 - 00:31:54: [admin-flatfile.smx] Error(s) detected parsing addons/sourcemod/configs/admins.cfg
L 02/07/2021 - 00:31:54: [admin-flatfile.smx]  (line 44) Unknown group "Owner"
L 02/07/2021 - 00:33:10: SourceMod error session started
L 02/07/2021 - 00:33:10: Info (map "de_dust2") (file "/home/steam/.steam/steamcmd/csgo-01/csgo/addons/sourcemod/logs/errors_20210207.log")
L 02/07/2021 - 00:33:10: [admin-flatfile.smx] Error(s) detected parsing addons/sourcemod/configs/admins.cfg
L 02/07/2021 - 00:33:10: [admin-flatfile.smx]  (line 44) Unknown group "Owner"
L 02/07/2021 - 00:40:18: SourceMod error session started
L 02/07/2021 - 00:40:18: Info (map "de_dust2") (file "/home/steam/.steam/steamcmd/csgo-01/csgo/addons/sourcemod/logs/errors_20210207.log")
L 02/07/2021 - 00:40:18: [admin-flatfile.smx] Error(s) detected parsing addons/sourcemod/configs/admins.cfg
L 02/07/2021 - 00:40:18: [admin-flatfile.smx]  (line 44) Unknown group "Owner"
L 02/07/2021 - 00:41:09: SourceMod error session started
L 02/07/2021 - 00:41:09: Info (map "de_dust2") (file "/home/steam/.steam/steamcmd/csgo-01/csgo/addons/sourcemod/logs/errors_20210207.log")
L 02/07/2021 - 00:41:09: [admin-flatfile.smx] Error(s) detected parsing addons/sourcemod/configs/admins.cfg
L 02/07/2021 - 00:41:09: [admin-flatfile.smx]  (line 44) Unknown group "Owner"
L 02/07/2021 - 00:43:00: SourceMod error session started
L 02/07/2021 - 00:43:00: Info (map "de_dust2") (file "/home/steam/.steam/steamcmd/csgo-01/csgo/addons/sourcemod/logs/errors_20210207.log")
L 02/07/2021 - 00:43:00: [admin-flatfile.smx] Error(s) detected parsing addons/sourcemod/configs/admins.cfg
L 02/07/2021 - 00:43:00: [admin-flatfile.smx]  (line 44) Unknown group "Owner"
L 02/07/2021 - 00:44:54: SourceMod error session started
L 02/07/2021 - 00:44:54: Info (map "de_dust2") (file "/home/steam/.steam/steamcmd/csgo-01/csgo/addons/sourcemod/logs/errors_20210207.log")
L 02/07/2021 - 00:44:54: [admin-flatfile.smx] Error(s) detected parsing addons/sourcemod/configs/admins.cfg
L 02/07/2021 - 00:44:54: [admin-flatfile.smx]  (line 44) Unknown group "Owner"
L 02/07/2021 - 00:45:34: Error log file session closed.
L 02/07/2021 - 00:45:41: SourceMod error session started
L 02/07/2021 - 00:45:41: Info (map "de_dust2") (file "/home/steam/.steam/steamcmd/csgo-01/csgo/addons/sourcemod/logs/errors_20210207.log")
L 02/07/2021 - 00:45:41: [admin-flatfile.smx] Error(s) detected parsing addons/sourcemod/configs/admins.cfg
L 02/07/2021 - 00:45:41: [admin-flatfile.smx]  (line 44) Unknown group "Owner"
L 02/07/2021 - 00:46:37: Error log file session closed.
L 02/07/2021 - 01:09:23: SourceMod error session started
L 02/07/2021 - 01:09:23: Info (map "de_dust2") (file "/home/steam/.steam/steamcmd/csgo-01/csgo/addons/sourcemod/logs/errors_20210207.log")
L 02/07/2021 - 01:09:23: [admin-flatfile.smx] Error(s) detected parsing addons/sourcemod/configs/admins.cfg
L 02/07/2021 - 01:09:23: [admin-flatfile.smx]  (line 44) Unknown group "Owner"
L 02/07/2021 - 01:14:54: Error log file session closed.
L 02/07/2021 - 01:15:01: SourceMod error session started
L 02/07/2021 - 01:15:01: Info (map "de_dust2") (file "/home/steam/.steam/steamcmd/csgo-01/csgo/addons/sourcemod/logs/errors_20210207.log")
L 02/07/2021 - 01:15:01: [admin-flatfile.smx] Error(s) detected parsing addons/sourcemod/configs/admins.cfg
L 02/07/2021 - 01:15:01: [admin-flatfile.smx]  (line 44) Unknown group "Owner"
L 02/07/2021 - 01:19:54: Error log file session closed.
L 02/07/2021 - 01:48:48: SourceMod error session started
L 02/07/2021 - 01:48:48: Info (map "de_dust2") (file "/home/steam/.steam/steamcmd/csgo-01/csgo/addons/sourcemod/logs/errors_20210207.log")
L 02/07/2021 - 01:48:48: [admin-flatfile.smx] Error(s) detected parsing addons/sourcemod/configs/admins.cfg
L 02/07/2021 - 01:48:48: [admin-flatfile.smx]  (line 44) Unknown group "Owner"
L 02/07/2021 - 01:51:53: Error log file session closed.
L 02/07/2021 - 02:15:44: SourceMod error session started
L 02/07/2021 - 02:15:44: Info (map "de_dust2") (file "/home/steam/.steam/steamcmd/csgo-01/csgo/addons/sourcemod/logs/errors_20210207.log")
L 02/07/2021 - 02:15:44: [admin-flatfile.smx] Error(s) detected parsing addons/sourcemod/configs/admins.cfg
L 02/07/2021 - 02:15:44: [admin-flatfile.smx]  (line 44) Unknown group "Owner"
L 02/07/2021 - 02:48:28: SourceMod error session started
L 02/07/2021 - 02:48:28: Info (map "de_dust2") (file "/home/steam/.steam/steamcmd/csgo-01/csgo/addons/sourcemod/logs/errors_20210207.log")
L 02/07/2021 - 02:48:28: [SM] Exception reported: Gamerules lookup failed.
L 02/07/2021 - 02:48:28: [SM] Blaming: hidenseek.smx
L 02/07/2021 - 02:48:28: [SM] Call stack trace:
L 02/07/2021 - 02:48:28: [SM]   [0] GameRules_GetProp
L 02/07/2021 - 02:48:28: [SM]   [1] Line 746, H:\workdir\hidenseek-csgo\addons\sourcemod\scripting\hidenseek.sp::OnMapTimeLeftChanged
L 02/07/2021 - 02:48:39: Error log file session closed.
L 02/07/2021 - 03:00:36: SourceMod error session started
L 02/07/2021 - 03:00:36: Info (map "de_dust2") (file "/home/steam/.steam/steamcmd/csgo-01/csgo/addons/sourcemod/logs/errors_20210207.log")
L 02/07/2021 - 03:00:36: [SM] Exception reported: Script execution timed out
L 02/07/2021 - 03:00:36: [SM] Blaming: prophunt.smx
L 02/07/2021 - 03:00:36: [SM] Call stack trace:
L 02/07/2021 - 03:00:36: [SM]   [1] Line 173, prophunt/include/clientutils.inc::GetNextClient
L 02/07/2021 - 03:00:36: [SM]   [2] Line 17, prophunt/spectate.sp::SpecNext
L 02/07/2021 - 03:00:36: [SM]   [3] Line 5, prophunt/spectate.sp::Cmd_spec_next
L 02/07/2021 - 03:00:48: [SM] Exception reported: Script execution timed out
L 02/07/2021 - 03:00:48: [SM] Blaming: prophunt.smx
L 02/07/2021 - 03:00:48: [SM] Call stack trace:
L 02/07/2021 - 03:00:48: [SM]   [1] Line 173, prophunt/include/clientutils.inc::GetNextClient
L 02/07/2021 - 03:00:48: [SM]   [2] Line 17, prophunt/spectate.sp::SpecNext
L 02/07/2021 - 03:00:48: [SM]   [3] Line 5, prophunt/spectate.sp::Cmd_spec_next
L 02/07/2021 - 03:06:54: SourceMod error session started
L 02/07/2021 - 03:06:54: Info (map "de_dust2") (file "/home/steam/.steam/steamcmd/csgo-01/csgo/addons/sourcemod/logs/errors_20210207.log")
L 02/07/2021 - 03:06:54: [SM] Exception reported: Property "m_hRagdoll" not found (entity 0/worldspawn)
L 02/07/2021 - 03:06:54: [SM] Blaming: prophunt.smx
L 02/07/2021 - 03:06:54: [SM] Call stack trace:
L 02/07/2021 - 03:06:54: [SM]   [0] GetEntPropEnt
L 02/07/2021 - 03:06:54: [SM]   [1] Line 238, prophunt/clientevents.sp::Event_OnPlayerDeath
L 02/07/2021 - 04:00:33: Error log file session closed.
L 02/07/2021 - 04:01:08: SourceMod error session started
L 02/07/2021 - 04:01:08: Info (map "de_dust2") (file "/home/steam/.steam/steamcmd/csgo-01/csgo/addons/sourcemod/logs/errors_20210207.log")
L 02/07/2021 - 04:01:08: [SM] Exception reported: Handle 100200e6 is invalid (error 1)
L 02/07/2021 - 04:01:08: [SM] Blaming: prophunt.smx
L 02/07/2021 - 04:01:08: [SM] Call stack trace:
L 02/07/2021 - 04:01:08: [SM]   [0] CloseHandle
L 02/07/2021 - 04:01:08: [SM]   [1] Line 21, prophunt/include/utils.inc::UnsetHandle
L 02/07/2021 - 04:01:08: [SM]   [2] Line 65, prophunt/roundevents.sp::Event_OnRoundEnd
L 02/07/2021 - 04:15:33: Error log file session closed.
L 02/07/2021 - 04:15:59: SourceMod error session started
L 02/07/2021 - 04:15:59: Info (map "de_dust2") (file "/home/steam/.steam/steamcmd/csgo-01/csgo/addons/sourcemod/logs/errors_20210207.log")
L 02/07/2021 - 04:15:59: [SM] Exception reported: Handle 46fd00d9 is invalid (error 1)
L 02/07/2021 - 04:15:59: [SM] Blaming: prophunt.smx
L 02/07/2021 - 04:15:59: [SM] Call stack trace:
L 02/07/2021 - 04:15:59: [SM]   [0] CloseHandle
L 02/07/2021 - 04:15:59: [SM]   [1] Line 21, prophunt/include/utils.inc::UnsetHandle
L 02/07/2021 - 04:15:59: [SM]   [2] Line 65, prophunt/roundevents.sp::Event_OnRoundEnd
L 02/07/2021 - 04:19:36: Error log file session closed.
L 02/07/2021 - 21:27:17: SourceMod error session started
L 02/07/2021 - 21:27:17: Info (map "de_dust2") (file "/home/steam/.steam/steamcmd/csgo-01/csgo/addons/sourcemod/logs/errors_20210207.log")
L 02/07/2021 - 21:27:17: [SM] Exception reported: Handle 2bd400d0 is invalid (error 1)
L 02/07/2021 - 21:27:17: [SM] Blaming: prophunt.smx
L 02/07/2021 - 21:27:17: [SM] Call stack trace:
L 02/07/2021 - 21:27:17: [SM]   [0] CloseHandle
L 02/07/2021 - 21:27:17: [SM]   [1] Line 21, prophunt/include/utils.inc::UnsetHandle
L 02/07/2021 - 21:27:17: [SM]   [2] Line 65, prophunt/roundevents.sp::Event_OnRoundEnd
L 02/07/2021 - 21:30:58: [SM] Exception reported: Property "m_hRagdoll" not found (entity 0/worldspawn)
L 02/07/2021 - 21:30:58: [SM] Blaming: prophunt.smx
L 02/07/2021 - 21:30:58: [SM] Call stack trace:
L 02/07/2021 - 21:30:58: [SM]   [0] GetEntPropEnt
L 02/07/2021 - 21:30:58: [SM]   [1] Line 238, prophunt/clientevents.sp::Event_OnPlayerDeath
L 02/07/2021 - 21:31:24: Error log file session closed.
L 02/07/2021 - 21:32:11: SourceMod error session started
L 02/07/2021 - 21:32:11: Info (map "de_dust2") (file "/home/steam/.steam/steamcmd/csgo-01/csgo/addons/sourcemod/logs/errors_20210207.log")
L 02/07/2021 - 21:32:11: [SM] Exception reported: Handle 68be00cb is invalid (error 1)
L 02/07/2021 - 21:32:11: [SM] Blaming: prophunt.smx
L 02/07/2021 - 21:32:11: [SM] Call stack trace:
L 02/07/2021 - 21:32:11: [SM]   [0] CloseHandle
L 02/07/2021 - 21:32:11: [SM]   [1] Line 21, prophunt/include/utils.inc::UnsetHandle
L 02/07/2021 - 21:32:11: [SM]   [2] Line 65, prophunt/roundevents.sp::Event_OnRoundEnd
L 02/07/2021 - 21:46:33: Error log file session closed.
L 02/07/2021 - 21:48:36: SourceMod error session started
L 02/07/2021 - 21:48:36: Info (map "de_dust2") (file "/home/steam/.steam/steamcmd/csgo-01/csgo/addons/sourcemod/logs/errors_20210207.log")
L 02/07/2021 - 21:48:36: [SM] Exception reported: Property "m_hRagdoll" not found (entity 0/worldspawn)
L 02/07/2021 - 21:48:36: [SM] Blaming: prophunt.smx
L 02/07/2021 - 21:48:36: [SM] Call stack trace:
L 02/07/2021 - 21:48:36: [SM]   [0] GetEntPropEnt
L 02/07/2021 - 21:48:36: [SM]   [1] Line 238, prophunt/clientevents.sp::Event_OnPlayerDeath
L 02/07/2021 - 21:49:12: Error log file session closed.
L 02/07/2021 - 21:49:46: SourceMod error session started
L 02/07/2021 - 21:49:46: Info (map "de_dust2") (file "/home/steam/.steam/steamcmd/csgo-01/csgo/addons/sourcemod/logs/errors_20210207.log")
L 02/07/2021 - 21:49:46: [SM] Exception reported: Handle 1ad0100 is invalid (error 1)
L 02/07/2021 - 21:49:46: [SM] Blaming: prophunt.smx
L 02/07/2021 - 21:49:46: [SM] Call stack trace:
L 02/07/2021 - 21:49:46: [SM]   [0] CloseHandle
L 02/07/2021 - 21:49:46: [SM]   [1] Line 21, prophunt/include/utils.inc::UnsetHandle
L 02/07/2021 - 21:49:46: [SM]   [2] Line 65, prophunt/roundevents.sp::Event_OnRoundEnd
L 02/07/2021 - 21:52:03: Error log file session closed.
L 02/07/2021 - 21:52:25: SourceMod error session started
L 02/07/2021 - 21:52:25: Info (map "de_dust2") (file "/home/steam/.steam/steamcmd/csgo-01/csgo/addons/sourcemod/logs/errors_20210207.log")
L 02/07/2021 - 21:52:25: [SM] Exception reported: Handle 1f6d00d4 is invalid (error 1)
L 02/07/2021 - 21:52:25: [SM] Blaming: prophunt.smx
L 02/07/2021 - 21:52:25: [SM] Call stack trace:
L 02/07/2021 - 21:52:25: [SM]   [0] CloseHandle
L 02/07/2021 - 21:52:25: [SM]   [1] Line 21, prophunt/include/utils.inc::UnsetHandle
L 02/07/2021 - 21:52:25: [SM]   [2] Line 65, prophunt/roundevents.sp::Event_OnRoundEnd
L 02/07/2021 - 21:53:50: [SM] Exception reported: Property "m_hRagdoll" not found (entity 0/worldspawn)
L 02/07/2021 - 21:53:50: [SM] Blaming: prophunt.smx
L 02/07/2021 - 21:53:50: [SM] Call stack trace:
L 02/07/2021 - 21:53:50: [SM]   [0] GetEntPropEnt
L 02/07/2021 - 21:53:50: [SM]   [1] Line 238, prophunt/clientevents.sp::Event_OnPlayerDeath
L 02/07/2021 - 22:12:16: Error log file session closed.
L 02/07/2021 - 22:12:44: SourceMod error session started
L 02/07/2021 - 22:12:44: Info (map "hoejhus9_csgo") (file "/home/steam/.steam/steamcmd/csgo-01/csgo/addons/sourcemod/logs/errors_20210207.log")
L 02/07/2021 - 22:12:44: [SM] Exception reported: Script execution timed out
L 02/07/2021 - 22:12:44: [SM] Blaming: prophunt.smx
L 02/07/2021 - 22:12:44: [SM] Call stack trace:
L 02/07/2021 - 22:12:44: [SM]   [1] Line 173, prophunt/include/clientutils.inc::GetNextClient
L 02/07/2021 - 22:12:44: [SM]   [2] Line 17, prophunt/spectate.sp::SpecNext
L 02/07/2021 - 22:12:44: [SM]   [3] Line 5, prophunt/spectate.sp::Cmd_spec_next
L 02/07/2021 - 22:12:44: [SM] Exception reported: Handle 36ca00ad is invalid (error 1)
L 02/07/2021 - 22:12:44: [SM] Blaming: prophunt.smx
L 02/07/2021 - 22:12:44: [SM] Call stack trace:
L 02/07/2021 - 22:12:44: [SM]   [0] CloseHandle
L 02/07/2021 - 22:12:44: [SM]   [1] Line 21, prophunt/include/utils.inc::UnsetHandle
L 02/07/2021 - 22:12:44: [SM]   [2] Line 65, prophunt/roundevents.sp::Event_OnRoundEnd
L 02/07/2021 - 22:12:52: Error log file session closed.
L 02/07/2021 - 22:13:20: SourceMod error session started
L 02/07/2021 - 22:13:20: Info (map "cs_office") (file "/home/steam/.steam/steamcmd/csgo-01/csgo/addons/sourcemod/logs/errors_20210207.log")
L 02/07/2021 - 22:13:20: [SM] Exception reported: Handle 576200a9 is invalid (error 1)
L 02/07/2021 - 22:13:20: [SM] Blaming: prophunt.smx
L 02/07/2021 - 22:13:20: [SM] Call stack trace:
L 02/07/2021 - 22:13:20: [SM]   [0] CloseHandle
L 02/07/2021 - 22:13:20: [SM]   [1] Line 21, prophunt/include/utils.inc::UnsetHandle
L 02/07/2021 - 22:13:20: [SM]   [2] Line 65, prophunt/roundevents.sp::Event_OnRoundEnd
L 02/07/2021 - 22:16:28: Error log file session closed.
L 02/07/2021 - 22:17:19: SourceMod error session started
L 02/07/2021 - 22:17:19: Info (map "hoejhus9_csgo") (file "/home/steam/.steam/steamcmd/csgo-01/csgo/addons/sourcemod/logs/errors_20210207.log")
L 02/07/2021 - 22:17:19: [SM] Exception reported: Handle 708400f8 is invalid (error 1)
L 02/07/2021 - 22:17:19: [SM] Blaming: prophunt.smx
L 02/07/2021 - 22:17:19: [SM] Call stack trace:
L 02/07/2021 - 22:17:19: [SM]   [0] CloseHandle
L 02/07/2021 - 22:17:19: [SM]   [1] Line 21, prophunt/include/utils.inc::UnsetHandle
L 02/07/2021 - 22:17:19: [SM]   [2] Line 65, prophunt/roundevents.sp::Event_OnRoundEnd
L 02/07/2021 - 22:23:38: [SM] Exception reported: Client 5 is not in game
L 02/07/2021 - 22:23:38: [SM] Blaming: prophunt.smx
L 02/07/2021 - 22:23:38: [SM] Call stack trace:
L 02/07/2021 - 22:23:38: [SM]   [0] IsPlayerAlive
L 02/07/2021 - 22:23:38: [SM]   [1] Line 180, prophunt/include/clientutils.inc::IsClientInTeam
L 02/07/2021 - 22:23:38: [SM]   [2] Line 166, prophunt/include/clientutils.inc::GetNextClient
L 02/07/2021 - 22:23:38: [SM]   [3] Line 139, prophunt/spectate.sp::Timer_CheckObservers
L 02/07/2021 - 22:23:53: [SM] Exception reported: Client 5 is not in game
L 02/07/2021 - 22:23:53: [SM] Blaming: prophunt.smx
L 02/07/2021 - 22:23:53: [SM] Call stack trace:
L 02/07/2021 - 22:23:53: [SM]   [0] IsPlayerAlive
L 02/07/2021 - 22:23:53: [SM]   [1] Line 180, prophunt/include/clientutils.inc::IsClientInTeam
L 02/07/2021 - 22:23:53: [SM]   [2] Line 166, prophunt/include/clientutils.inc::GetNextClient
L 02/07/2021 - 22:23:53: [SM]   [3] Line 139, prophunt/spectate.sp::Timer_CheckObservers
L 02/07/2021 - 22:23:53: [SM] Exception reported: Client 5 is not in game
L 02/07/2021 - 22:23:53: [SM] Blaming: prophunt.smx
L 02/07/2021 - 22:23:53: [SM] Call stack trace:
L 02/07/2021 - 22:23:53: [SM]   [0] IsPlayerAlive
L 02/07/2021 - 22:23:53: [SM]   [1] Line 180, prophunt/include/clientutils.inc::IsClientInTeam
L 02/07/2021 - 22:23:53: [SM]   [2] Line 166, prophunt/include/clientutils.inc::GetNextClient
L 02/07/2021 - 22:23:53: [SM]   [3] Line 118, prophunt/spectate.sp::Timer_SetObserv
L 02/07/2021 - 22:28:04: [SM] Exception reported: Client 5 is not in game
L 02/07/2021 - 22:28:04: [SM] Blaming: prophunt.smx
L 02/07/2021 - 22:28:04: [SM] Call stack trace:
L 02/07/2021 - 22:28:04: [SM]   [0] IsPlayerAlive
L 02/07/2021 - 22:28:04: [SM]   [1] Line 180, prophunt/include/clientutils.inc::IsClientInTeam
L 02/07/2021 - 22:28:04: [SM]   [2] Line 166, prophunt/include/clientutils.inc::GetNextClient
L 02/07/2021 - 22:28:04: [SM]   [3] Line 118, prophunt/spectate.sp::Timer_SetObserv
L 02/07/2021 - 22:28:25: [SM] Exception reported: Client 5 is not in game
L 02/07/2021 - 22:28:25: [SM] Blaming: prophunt.smx
L 02/07/2021 - 22:28:25: [SM] Call stack trace:
L 02/07/2021 - 22:28:25: [SM]   [0] IsPlayerAlive
L 02/07/2021 - 22:28:25: [SM]   [1] Line 180, prophunt/include/clientutils.inc::IsClientInTeam
L 02/07/2021 - 22:28:25: [SM]   [2] Line 166, prophunt/include/clientutils.inc::GetNextClient
L 02/07/2021 - 22:28:25: [SM]   [3] Line 118, prophunt/spectate.sp::Timer_SetObserv
L 02/07/2021 - 22:30:29: [SM] Exception reported: Client 6 is not in game
L 02/07/2021 - 22:30:29: [SM] Blaming: prophunt.smx
L 02/07/2021 - 22:30:29: [SM] Call stack trace:
L 02/07/2021 - 22:30:29: [SM]   [0] IsPlayerAlive
L 02/07/2021 - 22:30:29: [SM]   [1] Line 180, prophunt/include/clientutils.inc::IsClientInTeam
L 02/07/2021 - 22:30:29: [SM]   [2] Line 166, prophunt/include/clientutils.inc::GetNextClient
L 02/07/2021 - 22:30:29: [SM]   [3] Line 139, prophunt/spectate.sp::Timer_CheckObservers
L 02/07/2021 - 22:30:29: [SM] Exception reported: Client 6 is not in game
L 02/07/2021 - 22:30:29: [SM] Blaming: prophunt.smx
L 02/07/2021 - 22:30:29: [SM] Call stack trace:
L 02/07/2021 - 22:30:29: [SM]   [0] IsPlayerAlive
L 02/07/2021 - 22:30:29: [SM]   [1] Line 180, prophunt/include/clientutils.inc::IsClientInTeam
L 02/07/2021 - 22:30:29: [SM]   [2] Line 166, prophunt/include/clientutils.inc::GetNextClient
L 02/07/2021 - 22:30:29: [SM]   [3] Line 118, prophunt/spectate.sp::Timer_SetObserv
L 02/07/2021 - 22:32:32: Error log file session closed.
L 02/07/2021 - 22:46:08: SourceMod error session started
L 02/07/2021 - 22:46:08: Info (map "de_dust2") (file "/home/steam/.steam/steamcmd/csgo-01/csgo/addons/sourcemod/logs/errors_20210207.log")
L 02/07/2021 - 22:46:08: [SM] Exception reported: Client 3 is not in game
L 02/07/2021 - 22:46:08: [SM] Blaming: prophunt.smx
L 02/07/2021 - 22:46:08: [SM] Call stack trace:
L 02/07/2021 - 22:46:08: [SM]   [0] IsPlayerAlive
L 02/07/2021 - 22:46:08: [SM]   [1] Line 180, prophunt/include/clientutils.inc::IsClientInTeam
L 02/07/2021 - 22:46:08: [SM]   [2] Line 166, prophunt/include/clientutils.inc::GetNextClient
L 02/07/2021 - 22:46:08: [SM]   [3] Line 118, prophunt/spectate.sp::Timer_SetObserv
L 02/07/2021 - 22:46:25: [SM] Exception reported: Client 3 is not in game
L 02/07/2021 - 22:46:25: [SM] Blaming: prophunt.smx
L 02/07/2021 - 22:46:25: [SM] Call stack trace:
L 02/07/2021 - 22:46:25: [SM]   [0] IsPlayerAlive
L 02/07/2021 - 22:46:25: [SM]   [1] Line 180, prophunt/include/clientutils.inc::IsClientInTeam
L 02/07/2021 - 22:46:25: [SM]   [2] Line 166, prophunt/include/clientutils.inc::GetNextClient
L 02/07/2021 - 22:46:25: [SM]   [3] Line 118, prophunt/spectate.sp::Timer_SetObserv
L 02/07/2021 - 22:50:20: Error log file session closed.
L 02/07/2021 - 23:03:32: SourceMod error session started
L 02/07/2021 - 23:03:32: Info (map "de_dust2") (file "/home/steam/.steam/steamcmd/csgo-01/csgo/addons/sourcemod/logs/errors_20210207.log")
L 02/07/2021 - 23:03:32: [SM] Exception reported: Script execution timed out
L 02/07/2021 - 23:03:32: [SM] Blaming: prophunt.smx
L 02/07/2021 - 23:03:32: [SM] Call stack trace:
L 02/07/2021 - 23:03:32: [SM]   [1] Line 173, prophunt/include/clientutils.inc::GetNextClient
L 02/07/2021 - 23:03:32: [SM]   [2] Line 17, prophunt/spectate.sp::SpecNext
L 02/07/2021 - 23:03:32: [SM]   [3] Line 5, prophunt/spectate.sp::Cmd_spec_next
L 02/07/2021 - 23:03:35: [SM] Exception reported: Client 2 is not in game
L 02/07/2021 - 23:03:35: [SM] Blaming: prophunt.smx
L 02/07/2021 - 23:03:35: [SM] Call stack trace:
L 02/07/2021 - 23:03:35: [SM]   [0] IsPlayerAlive
L 02/07/2021 - 23:03:35: [SM]   [1] Line 88, prophunt/include/phclient.inc::PHClient_GetIsAlive
L 02/07/2021 - 23:03:35: [SM]   [2] Line 36, prophunt/include/phclient.inc::PHClient.isAlive.get
L 02/07/2021 - 23:03:35: [SM]   [3] Line 133, prophunt/include/clientutils.inc::CheckClientHasKnife
L 02/07/2021 - 23:03:35: [SM]   [4] Line 314, prophunt/clientevents.sp::Timer_CheckClientHasKnife
L 02/07/2021 - 23:03:35: [SM] Exception reported: Client 2 is not in game
L 02/07/2021 - 23:03:35: [SM] Blaming: prophunt.smx
L 02/07/2021 - 23:03:35: [SM] Call stack trace:
L 02/07/2021 - 23:03:35: [SM]   [0] IsPlayerAlive
L 02/07/2021 - 23:03:35: [SM]   [1] Line 88, prophunt/include/phclient.inc::PHClient_GetIsAlive
L 02/07/2021 - 23:03:35: [SM]   [2] Line 36, prophunt/include/phclient.inc::PHClient.isAlive.get
L 02/07/2021 - 23:03:35: [SM]   [3] Line 133, prophunt/include/clientutils.inc::CheckClientHasKnife
L 02/07/2021 - 23:03:35: [SM]   [4] Line 314, prophunt/clientevents.sp::Timer_CheckClientHasKnife
L 02/07/2021 - 23:03:35: [SM] Exception reported: Client 2 is not in game
L 02/07/2021 - 23:03:35: [SM] Blaming: prophunt.smx
L 02/07/2021 - 23:03:35: [SM] Call stack trace:
L 02/07/2021 - 23:03:35: [SM]   [0] IsPlayerAlive
L 02/07/2021 - 23:03:35: [SM]   [1] Line 88, prophunt/include/phclient.inc::PHClient_GetIsAlive
L 02/07/2021 - 23:03:35: [SM]   [2] Line 36, prophunt/include/phclient.inc::PHClient.isAlive.get
L 02/07/2021 - 23:03:35: [SM]   [3] Line 301, prophunt/clientevents.sp::Timer_FreezePlayer
L 02/07/2021 - 23:03:35: [SM] Exception reported: Client 2 is not in game
L 02/07/2021 - 23:03:35: [SM] Blaming: prophunt.smx
L 02/07/2021 - 23:03:35: [SM] Call stack trace:
L 02/07/2021 - 23:03:35: [SM]   [0] IsPlayerAlive
L 02/07/2021 - 23:03:35: [SM]   [1] Line 88, prophunt/include/phclient.inc::PHClient_GetIsAlive
L 02/07/2021 - 23:03:35: [SM]   [2] Line 36, prophunt/include/phclient.inc::PHClient.isAlive.get
L 02/07/2021 - 23:03:35: [SM]   [3] Line 301, prophunt/clientevents.sp::Timer_FreezePlayer
L 02/07/2021 - 23:03:37: [SM] Exception reported: Client 2 is not in game
L 02/07/2021 - 23:03:37: [SM] Blaming: prophunt.smx
L 02/07/2021 - 23:03:37: [SM] Call stack trace:
L 02/07/2021 - 23:03:37: [SM]   [0] IsPlayerAlive
L 02/07/2021 - 23:03:37: [SM]   [1] Line 88, prophunt/include/phclient.inc::PHClient_GetIsAlive
L 02/07/2021 - 23:03:37: [SM]   [2] Line 36, prophunt/include/phclient.inc::PHClient.isAlive.get
L 02/07/2021 - 23:03:37: [SM]   [3] Line 301, prophunt/clientevents.sp::Timer_FreezePlayer
L 02/07/2021 - 23:03:37: [SM] Exception reported: Client 2 is not in game
L 02/07/2021 - 23:03:37: [SM] Blaming: prophunt.smx
L 02/07/2021 - 23:03:37: [SM] Call stack trace:
L 02/07/2021 - 23:03:37: [SM]   [0] IsPlayerAlive
L 02/07/2021 - 23:03:37: [SM]   [1] Line 88, prophunt/include/phclient.inc::PHClient_GetIsAlive
L 02/07/2021 - 23:03:37: [SM]   [2] Line 36, prophunt/include/phclient.inc::PHClient.isAlive.get
L 02/07/2021 - 23:03:37: [SM]   [3] Line 301, prophunt/clientevents.sp::Timer_FreezePlayer
L 02/07/2021 - 23:03:39: [SM] Exception reported: Client 2 is not in game
L 02/07/2021 - 23:03:39: [SM] Blaming: prophunt.smx
L 02/07/2021 - 23:03:39: [SM] Call stack trace:
L 02/07/2021 - 23:03:39: [SM]   [0] IsPlayerAlive
L 02/07/2021 - 23:03:39: [SM]   [1] Line 88, prophunt/include/phclient.inc::PHClient_GetIsAlive
L 02/07/2021 - 23:03:39: [SM]   [2] Line 36, prophunt/include/phclient.inc::PHClient.isAlive.get
L 02/07/2021 - 23:03:39: [SM]   [3] Line 301, prophunt/clientevents.sp::Timer_FreezePlayer
L 02/07/2021 - 23:03:39: [SM] Exception reported: Client 2 is not in game
L 02/07/2021 - 23:03:39: [SM] Blaming: prophunt.smx
L 02/07/2021 - 23:03:39: [SM] Call stack trace:
L 02/07/2021 - 23:03:39: [SM]   [0] IsPlayerAlive
L 02/07/2021 - 23:03:39: [SM]   [1] Line 88, prophunt/include/phclient.inc::PHClient_GetIsAlive
L 02/07/2021 - 23:03:39: [SM]   [2] Line 36, prophunt/include/phclient.inc::PHClient.isAlive.get
L 02/07/2021 - 23:03:39: [SM]   [3] Line 301, prophunt/clientevents.sp::Timer_FreezePlayer
L 02/07/2021 - 23:08:27: [SM] Exception reported: Property "m_hRagdoll" not found (entity 0/worldspawn)
L 02/07/2021 - 23:08:27: [SM] Blaming: prophunt.smx
L 02/07/2021 - 23:08:27: [SM] Call stack trace:
L 02/07/2021 - 23:08:27: [SM]   [0] GetEntPropEnt
L 02/07/2021 - 23:08:27: [SM]   [1] Line 238, prophunt/clientevents.sp::Event_OnPlayerDeath
L 02/07/2021 - 23:08:40: [SM] Exception reported: Property "m_hRagdoll" not found (entity 0/worldspawn)
L 02/07/2021 - 23:08:40: [SM] Blaming: prophunt.smx
L 02/07/2021 - 23:08:40: [SM] Call stack trace:
L 02/07/2021 - 23:08:40: [SM]   [0] GetEntPropEnt
L 02/07/2021 - 23:08:40: [SM]   [1] Line 238, prophunt/clientevents.sp::Event_OnPlayerDeath
L 02/07/2021 - 23:21:06: Error log file session closed.
L 02/07/2021 - 23:21:37: SourceMod error session started
L 02/07/2021 - 23:21:37: Info (map "de_dust2") (file "/home/steam/.steam/steamcmd/csgo-01/csgo/addons/sourcemod/logs/errors_20210207.log")
L 02/07/2021 - 23:21:37: [SM] Exception reported: Handle 399200fe is invalid (error 1)
L 02/07/2021 - 23:21:37: [SM] Blaming: prophunt.smx
L 02/07/2021 - 23:21:37: [SM] Call stack trace:
L 02/07/2021 - 23:21:37: [SM]   [0] CloseHandle
L 02/07/2021 - 23:21:37: [SM]   [1] Line 21, prophunt/include/utils.inc::UnsetHandle
L 02/07/2021 - 23:21:37: [SM]   [2] Line 65, prophunt/roundevents.sp::Event_OnRoundEnd
L 02/07/2021 - 23:28:16: [SM] Exception reported: Property "m_hRagdoll" not found (entity 0/worldspawn)
L 02/07/2021 - 23:28:16: [SM] Blaming: prophunt.smx
L 02/07/2021 - 23:28:16: [SM] Call stack trace:
L 02/07/2021 - 23:28:16: [SM]   [0] GetEntPropEnt
L 02/07/2021 - 23:28:16: [SM]   [1] Line 238, prophunt/clientevents.sp::Event_OnPlayerDeath
L 02/07/2021 - 23:30:00: Error log file session closed.
L 02/07/2021 - 23:30:26: SourceMod error session started
L 02/07/2021 - 23:30:26: Info (map "de_dust2") (file "/home/steam/.steam/steamcmd/csgo-01/csgo/addons/sourcemod/logs/errors_20210207.log")
L 02/07/2021 - 23:30:26: [SM] Exception reported: Handle 75860103 is invalid (error 1)
L 02/07/2021 - 23:30:26: [SM] Blaming: prophunt.smx
L 02/07/2021 - 23:30:26: [SM] Call stack trace:
L 02/07/2021 - 23:30:26: [SM]   [0] CloseHandle
L 02/07/2021 - 23:30:26: [SM]   [1] Line 21, prophunt/include/utils.inc::UnsetHandle
L 02/07/2021 - 23:30:26: [SM]   [2] Line 65, prophunt/roundevents.sp::Event_OnRoundEnd
L 02/07/2021 - 23:31:03: [SM] Exception reported: Property "m_hRagdoll" not found (entity 0/worldspawn)
L 02/07/2021 - 23:31:03: [SM] Blaming: prophunt.smx
L 02/07/2021 - 23:31:03: [SM] Call stack trace:
L 02/07/2021 - 23:31:03: [SM]   [0] GetEntPropEnt
L 02/07/2021 - 23:31:03: [SM]   [1] Line 238, prophunt/clientevents.sp::Event_OnPlayerDeath
L 02/07/2021 - 23:32:02: Error log file session closed.
