L 02/07/2021 - 02:42:52: SourceMod log file session started (file "/home/steam/.steam/steamcmd/csgo-01/csgo/addons/sourcemod/logs/L20210207.log") (Version "1.10.0.6502")
L 02/07/2021 - 02:42:52: -------- Mapchange to de_dust2 --------
L 02/07/2021 - 02:48:20: Log file closed.
L 02/07/2021 - 02:48:39: SourceMod log file session started (file "/home/steam/.steam/steamcmd/csgo-01/csgo/addons/sourcemod/logs/L20210207.log") (Version "1.10.0.6502")
L 02/07/2021 - 02:48:39: -------- Mapchange to de_dust2 --------
L 02/07/2021 - 02:56:22: Log file closed.
L 02/07/2021 - 02:56:42: SourceMod log file session started (file "/home/steam/.steam/steamcmd/csgo-01/csgo/addons/sourcemod/logs/L20210207.log") (Version "1.10.0.6502")
L 02/07/2021 - 02:56:42: -------- Mapchange to de_dust2 --------
L 02/07/2021 - 02:57:56: -------- Mapchange to de_dust2 --------
L 02/07/2021 - 03:01:19: SourceMod log file session started (file "/home/steam/.steam/steamcmd/csgo-01/csgo/addons/sourcemod/logs/L20210207.log") (Version "1.10.0.6502")
L 02/07/2021 - 03:01:19: -------- Mapchange to de_dust2 --------
L 02/07/2021 - 04:00:33: -------- Mapchange to de_dust2 --------
L 02/07/2021 - 04:15:33: -------- Mapchange to de_dust2 --------
L 02/07/2021 - 04:19:36: Log file closed.
L 02/07/2021 - 17:20:17: SourceMod log file session started (file "/home/steam/.steam/steamcmd/csgo-01/csgo/addons/sourcemod/logs/L20210207.log") (Version "1.10.0.6502")
L 02/07/2021 - 17:20:17: -------- Mapchange to de_dust2 --------
L 02/07/2021 - 17:21:12: Log file closed.
L 02/07/2021 - 21:16:19: SourceMod log file session started (file "/home/steam/.steam/steamcmd/csgo-01/csgo/addons/sourcemod/logs/L20210207.log") (Version "1.10.0.6502")
L 02/07/2021 - 21:16:19: -------- Mapchange to de_dust2 --------
L 02/07/2021 - 21:27:02: -------- Mapchange to de_dust2 --------
L 02/07/2021 - 21:31:24: -------- Mapchange to de_dust2 --------
L 02/07/2021 - 21:46:33: Log file closed.
L 02/07/2021 - 21:48:16: SourceMod log file session started (file "/home/steam/.steam/steamcmd/csgo-01/csgo/addons/sourcemod/logs/L20210207.log") (Version "1.10.0.6502")
L 02/07/2021 - 21:48:16: -------- Mapchange to de_dust2 --------
L 02/07/2021 - 21:49:12: -------- Mapchange to de_dust2 --------
L 02/07/2021 - 21:52:03: -------- Mapchange to de_dust2 --------
L 02/07/2021 - 22:12:16: -------- Mapchange to hoejhus9_csgo --------
L 02/07/2021 - 22:12:24: -------- Mapchange to hoejhus9_csgo --------
L 02/07/2021 - 22:12:49: [SM] Changed map to "cs_office"
L 02/07/2021 - 22:12:52: -------- Mapchange to cs_office --------
L 02/07/2021 - 22:16:28: -------- Mapchange to hoejhus9_csgo --------
L 02/07/2021 - 22:32:32: Log file closed.
L 02/07/2021 - 22:33:01: SourceMod log file session started (file "/home/steam/.steam/steamcmd/csgo-01/csgo/addons/sourcemod/logs/L20210207.log") (Version "1.10.0.6502")
L 02/07/2021 - 22:33:01: -------- Mapchange to de_dust2 --------
L 02/07/2021 - 22:39:43: Log file closed.
L 02/07/2021 - 22:44:15: SourceMod log file session started (file "/home/steam/.steam/steamcmd/csgo-01/csgo/addons/sourcemod/logs/L20210207.log") (Version "1.10.0.6502")
L 02/07/2021 - 22:44:15: -------- Mapchange to de_dust2 --------
L 02/07/2021 - 22:50:20: Log file closed.
L 02/07/2021 - 22:54:20: SourceMod log file session started (file "/home/steam/.steam/steamcmd/csgo-01/csgo/addons/sourcemod/logs/L20210207.log") (Version "1.10.0.6502")
L 02/07/2021 - 22:54:20: -------- Mapchange to de_dust2 --------
L 02/07/2021 - 22:57:02: Log file closed.
L 02/07/2021 - 23:03:06: SourceMod log file session started (file "/home/steam/.steam/steamcmd/csgo-01/csgo/addons/sourcemod/logs/L20210207.log") (Version "1.10.0.6502")
L 02/07/2021 - 23:03:06: -------- Mapchange to de_dust2 --------
L 02/07/2021 - 23:21:06: -------- Mapchange to de_dust2 --------
L 02/07/2021 - 23:30:00: -------- Mapchange to de_dust2 --------
L 02/07/2021 - 23:32:02: Log file closed.
